<?xml version="1.0" encoding="UTF-8"?>
<testng-results ignored="0" total="2" passed="2" failed="0" skipped="0">
  <reporter-output>
  </reporter-output>
  <suite started-at="2021-08-18T13:59:52 EDT" name="opencartSuite" finished-at="2021-08-18T14:00:11 EDT" duration-ms="19491">
    <groups>
      <group name="regression">
        <method signature="TC_001_AccountRegistration.test_account_registration()[pri:0, instance:testcases.TC_001_AccountRegistration@34b7ac2f]" name="test_account_registration" class="testcases.TC_001_AccountRegistration"/>
      </group> <!-- regression -->
      <group name="sanity">
        <method signature="TC_002_Login.test_login()[pri:0, instance:testcases.TC_002_Login@e056f20]" name="test_login" class="testcases.TC_002_Login"/>
      </group> <!-- sanity -->
      <group name="master">
        <method signature="TC_001_AccountRegistration.test_account_registration()[pri:0, instance:testcases.TC_001_AccountRegistration@34b7ac2f]" name="test_account_registration" class="testcases.TC_001_AccountRegistration"/>
        <method signature="TC_002_Login.test_login()[pri:0, instance:testcases.TC_002_Login@e056f20]" name="test_login" class="testcases.TC_002_Login"/>
      </group> <!-- master -->
    </groups>
    <test started-at="2021-08-18T13:59:52 EDT" name="opencartTest" finished-at="2021-08-18T14:00:11 EDT" duration-ms="19491">
      <class name="testcases.TC_001_AccountRegistration">
        <test-method is-config="true" signature="setup(java.lang.String)[pri:0, instance:testcases.TC_001_AccountRegistration@34b7ac2f]" started-at="2021-08-18T13:59:52 EDT" name="setup" finished-at="2021-08-18T13:59:59 EDT" duration-ms="7087" status="PASS">
          <params>
            <param index="0">
              <value>
                <![CDATA[chrome]]>
              </value>
            </param>
          </params>
          <reporter-output>
          </reporter-output>
        </test-method> <!-- setup -->
        <test-method signature="test_account_registration()[pri:0, instance:testcases.TC_001_AccountRegistration@34b7ac2f]" started-at="2021-08-18T13:59:59 EDT" name="test_account_registration" finished-at="2021-08-18T14:00:04 EDT" duration-ms="4548" status="PASS">
          <reporter-output>
          </reporter-output>
        </test-method> <!-- test_account_registration -->
        <test-method is-config="true" signature="teardown()[pri:0, instance:testcases.TC_001_AccountRegistration@34b7ac2f]" started-at="2021-08-18T14:00:04 EDT" name="teardown" finished-at="2021-08-18T14:00:05 EDT" duration-ms="884" status="PASS">
          <reporter-output>
          </reporter-output>
        </test-method> <!-- teardown -->
      </class> <!-- testcases.TC_001_AccountRegistration -->
      <class name="testcases.TC_002_Login">
        <test-method is-config="true" signature="setup(java.lang.String)[pri:0, instance:testcases.TC_002_Login@e056f20]" started-at="2021-08-18T14:00:05 EDT" name="setup" finished-at="2021-08-18T14:00:07 EDT" duration-ms="1907" status="PASS">
          <params>
            <param index="0">
              <value>
                <![CDATA[chrome]]>
              </value>
            </param>
          </params>
          <reporter-output>
          </reporter-output>
        </test-method> <!-- setup -->
        <test-method signature="test_login()[pri:0, instance:testcases.TC_002_Login@e056f20]" started-at="2021-08-18T14:00:07 EDT" name="test_login" finished-at="2021-08-18T14:00:10 EDT" duration-ms="3547" status="PASS">
          <reporter-output>
          </reporter-output>
        </test-method> <!-- test_login -->
        <test-method is-config="true" signature="teardown()[pri:0, instance:testcases.TC_002_Login@e056f20]" started-at="2021-08-18T14:00:10 EDT" name="teardown" finished-at="2021-08-18T14:00:11 EDT" duration-ms="871" status="PASS">
          <reporter-output>
          </reporter-output>
        </test-method> <!-- teardown -->
      </class> <!-- testcases.TC_002_Login -->
    </test> <!-- opencartTest -->
  </suite> <!-- opencartSuite -->
</testng-results>
