<?xml version="1.0" encoding="UTF-8"?>
<testng-results ignored="0" total="1" passed="1" failed="0" skipped="0">
  <reporter-output>
  </reporter-output>
  <suite started-at="2021-08-18T13:18:09 EDT" name="Failed suite [opencartSuite]" finished-at="2021-08-18T13:18:22 EDT" duration-ms="12553">
    <groups>
      <group name="regression">
        <method signature="TC_001_AccountRegistration.test_account_registration()[pri:0, instance:testcases.TC_001_AccountRegistration@7b9a4292]" name="test_account_registration" class="testcases.TC_001_AccountRegistration"/>
      </group> <!-- regression -->
      <group name="master">
        <method signature="TC_001_AccountRegistration.test_account_registration()[pri:0, instance:testcases.TC_001_AccountRegistration@7b9a4292]" name="test_account_registration" class="testcases.TC_001_AccountRegistration"/>
      </group> <!-- master -->
    </groups>
    <test started-at="2021-08-18T13:18:09 EDT" name="opencartTest(failed)" finished-at="2021-08-18T13:18:22 EDT" duration-ms="12553">
      <class name="testcases.TC_001_AccountRegistration">
        <test-method is-config="true" signature="setup(java.lang.String)[pri:0, instance:testcases.TC_001_AccountRegistration@7b9a4292]" started-at="2021-08-18T13:18:10 EDT" name="setup" finished-at="2021-08-18T13:18:17 EDT" duration-ms="6561" status="PASS">
          <params>
            <param index="0">
              <value>
                <![CDATA[chrome]]>
              </value>
            </param>
          </params>
          <reporter-output>
          </reporter-output>
        </test-method> <!-- setup -->
        <test-method signature="test_account_registration()[pri:0, instance:testcases.TC_001_AccountRegistration@7b9a4292]" started-at="2021-08-18T13:18:17 EDT" name="test_account_registration" finished-at="2021-08-18T13:18:21 EDT" duration-ms="4239" status="PASS">
          <reporter-output>
          </reporter-output>
        </test-method> <!-- test_account_registration -->
        <test-method is-config="true" signature="teardown()[pri:0, instance:testcases.TC_001_AccountRegistration@7b9a4292]" started-at="2021-08-18T13:18:21 EDT" name="teardown" finished-at="2021-08-18T13:18:22 EDT" duration-ms="953" status="PASS">
          <reporter-output>
          </reporter-output>
        </test-method> <!-- teardown -->
      </class> <!-- testcases.TC_001_AccountRegistration -->
    </test> <!-- opencartTest(failed) -->
  </suite> <!-- Failed suite [opencartSuite] -->
</testng-results>
